<?xml version="1.0" encoding="UTF-8"?>
<!-- Generated by org.testng.reporters.JUnitXMLReporter -->
<testsuite hostname="Siddhis-MacBook-Pro.local" ignored="0" name="BrowserStackDemoSite-device2" tests="2" failures="0" timestamp="2022-07-23T00:23:07 IST" time="134.344" errors="0">
  <testcase name="demoSiteTest" time="0.0" classname="tests.bsDemoAppTest">
    <skipped/>
  </testcase> <!-- demoSiteTest -->
  <testcase name="demoSiteTest" time="86.223" classname="tests.bsDemoAppTest"/>
</testsuite> <!-- BrowserStackDemoSite-device2 -->
